  pa_allocation.c
  pa_converters.c
  pa_cpuload.c
  pa_debugprint.c
  pa_dither.c
  pa_front.c
  pa_process.c
  pa_ringbuffer.c
  pa_stream.c
  pa_trace.c
  pa_win_ds.c
  pa_win_ds_dynlink.c
  pa_hostapi_skeleton.c
  pa_win_wasapi.c
  pa_win_wdmks.c
  pa_win_wmme.c
  pa_win_coinitialize.c
  pa_win_hostapis.c
  pa_win_util.c
  pa_win_waveformat.c
  Generating Code...
  Compiling...
  pa_win_wdmks_utils.c
  pa_x86_plain_converters.c
  Generating Code...
  asio.cpp
  asiodrivers.cpp
  asiolist.cpp
D:\Dev\audioengine\AudioEngine\PortAudio\src\hostapi\asio\ASIOSDK\host\pc\asiolist.cpp(24,41): warning C4267: 'argument': conversion from 'size_t' to 'DWORD', possible loss of data
D:\Dev\audioengine\AudioEngine\PortAudio\src\hostapi\asio\ASIOSDK\host\pc\asiolist.cpp(31,42): warning C4267: 'argument': conversion from 'size_t' to 'DWORD', possible loss of data
  pa_asio.cpp
  Generating Code...
C:\Program Files\Microsoft Visual Studio\2022\Professional\MSBuild\Microsoft\VC\v170\Microsoft.CppBuild.targets(1391,5): warning MSB8012: TargetPath(D:\Dev\audioengine\AudioEngine\PortAudio\build\msvc\x64\ReleaseMinDependency\portaudio.dll) does not match the Linker's OutputFile property value (D:\Dev\audioengine\AudioEngine\PortAudio\build\msvc\x64\ReleaseMinDependency\portaudio_x64.dll). This may cause your project to build incorrectly. To correct this, please make sure that $(OutDir), $(TargetName) and $(TargetExt) property values match the value specified in %(Link.OutputFile).
C:\Program Files\Microsoft Visual Studio\2022\Professional\MSBuild\Microsoft\VC\v170\Microsoft.CppBuild.targets(1393,5): warning MSB8012: TargetName(portaudio) does not match the Linker's OutputFile property value (portaudio_x64). This may cause your project to build incorrectly. To correct this, please make sure that $(OutDir), $(TargetName) and $(TargetExt) property values match the value specified in %(Link.OutputFile).
     Creating library x64\ReleaseMinDependency/portaudio_x64.lib and object x64\ReleaseMinDependency/portaudio_x64.exp
  portaudio.vcxproj -> D:\Dev\audioengine\AudioEngine\PortAudio\build\msvc\x64\ReleaseMinDependency\portaudio.dll
